00:59:16.111 [restartedMain] INFO  p.x.stocksyn.StockSynApplication - Starting StockSynApplication on DESKTOP-3UAEIUA with PID 6368 (I:\IdeaProjects\StockSyn\target\classes started by xuzj157 in I:\IdeaProjects\StockSyn)
00:59:16.114 [restartedMain] INFO  p.x.stocksyn.StockSynApplication - No active profile set, falling back to default profiles: default
00:59:16.147 [restartedMain] INFO  o.s.b.w.s.c.AnnotationConfigServletWebServerApplicationContext - Refreshing org.springframework.boot.web.servlet.context.AnnotationConfigServletWebServerApplicationContext@6f73c6a5: startup date [Wed Jan 23 00:59:16 CST 2019]; root of context hierarchy
00:59:17.118 [restartedMain] DEBUG o.s.d.r.c.RepositoryComponentProvider - Identified candidate component class: file [I:\IdeaProjects\StockSyn\target\classes\personal\xuzj157\stocksyn\repository\BasicInfoRepository.class]
00:59:17.119 [restartedMain] DEBUG o.s.d.r.c.RepositoryComponentProvider - Identified candidate component class: file [I:\IdeaProjects\StockSyn\target\classes\personal\xuzj157\stocksyn\repository\calculationUnit\FirstCalculationUnitRepository.class]
00:59:17.119 [restartedMain] DEBUG o.s.d.r.c.RepositoryComponentProvider - Identified candidate component class: file [I:\IdeaProjects\StockSyn\target\classes\personal\xuzj157\stocksyn\repository\calculationUnit\RandomUnitRepository.class]
00:59:17.119 [restartedMain] DEBUG o.s.d.r.c.RepositoryComponentProvider - Identified candidate component class: file [I:\IdeaProjects\StockSyn\target\classes\personal\xuzj157\stocksyn\repository\calculationUnit\SecondCalculationUnitRepository.class]
00:59:17.119 [restartedMain] DEBUG o.s.d.r.c.RepositoryComponentProvider - Identified candidate component class: file [I:\IdeaProjects\StockSyn\target\classes\personal\xuzj157\stocksyn\repository\FinInfoRepository.class]
00:59:17.120 [restartedMain] DEBUG o.s.d.r.c.RepositoryComponentProvider - Identified candidate component class: file [I:\IdeaProjects\StockSyn\target\classes\personal\xuzj157\stocksyn\repository\HqInfoRepository.class]
00:59:17.120 [restartedMain] DEBUG o.s.d.r.c.RepositoryComponentProvider - Identified candidate component class: file [I:\IdeaProjects\StockSyn\target\classes\personal\xuzj157\stocksyn\repository\SnapShotRepository.class]
00:59:17.120 [restartedMain] DEBUG o.s.d.r.c.RepositoryComponentProvider - Identified candidate component class: file [I:\IdeaProjects\StockSyn\target\classes\personal\xuzj157\stocksyn\repository\SymbolRepository.class]
00:59:17.143 [restartedMain] DEBUG o.s.d.r.c.RepositoryConfigurationDelegate - Spring Data JPA - Registering repository: secondCalculationUnitRepository - Interface: personal.xuzj157.stocksyn.repository.calculationUnit.SecondCalculationUnitRepository - Factory: org.springframework.data.jpa.repository.support.JpaRepositoryFactoryBean
00:59:17.153 [restartedMain] DEBUG o.s.d.r.c.RepositoryConfigurationDelegate - Spring Data JPA - Registering repository: hqInfoRepository - Interface: personal.xuzj157.stocksyn.repository.HqInfoRepository - Factory: org.springframework.data.jpa.repository.support.JpaRepositoryFactoryBean
00:59:17.155 [restartedMain] DEBUG o.s.d.r.c.RepositoryConfigurationDelegate - Spring Data JPA - Registering repository: symbolRepository - Interface: personal.xuzj157.stocksyn.repository.SymbolRepository - Factory: org.springframework.data.jpa.repository.support.JpaRepositoryFactoryBean
00:59:17.156 [restartedMain] DEBUG o.s.d.r.c.RepositoryConfigurationDelegate - Spring Data JPA - Registering repository: firstCalculationUnitRepository - Interface: personal.xuzj157.stocksyn.repository.calculationUnit.FirstCalculationUnitRepository - Factory: org.springframework.data.jpa.repository.support.JpaRepositoryFactoryBean
00:59:17.157 [restartedMain] DEBUG o.s.d.r.c.RepositoryConfigurationDelegate - Spring Data JPA - Registering repository: finInfoRepository - Interface: personal.xuzj157.stocksyn.repository.FinInfoRepository - Factory: org.springframework.data.jpa.repository.support.JpaRepositoryFactoryBean
00:59:17.158 [restartedMain] DEBUG o.s.d.r.c.RepositoryConfigurationDelegate - Spring Data JPA - Registering repository: snapShotRepository - Interface: personal.xuzj157.stocksyn.repository.SnapShotRepository - Factory: org.springframework.data.jpa.repository.support.JpaRepositoryFactoryBean
00:59:17.160 [restartedMain] DEBUG o.s.d.r.c.RepositoryConfigurationDelegate - Spring Data JPA - Registering repository: basicInfoRepository - Interface: personal.xuzj157.stocksyn.repository.BasicInfoRepository - Factory: org.springframework.data.jpa.repository.support.JpaRepositoryFactoryBean
00:59:17.161 [restartedMain] DEBUG o.s.d.r.c.RepositoryConfigurationDelegate - Spring Data JPA - Registering repository: randomUnitRepository - Interface: personal.xuzj157.stocksyn.repository.calculationUnit.RandomUnitRepository - Factory: org.springframework.data.jpa.repository.support.JpaRepositoryFactoryBean
00:59:17.433 [restartedMain] INFO  o.s.c.s.PostProcessorRegistrationDelegate$BeanPostProcessorChecker - Bean 'org.springframework.ws.config.annotation.DelegatingWsConfiguration' of type [org.springframework.ws.config.annotation.DelegatingWsConfiguration$$EnhancerBySpringCGLIB$$b251dd17] is not eligible for getting processed by all BeanPostProcessors (for example: not eligible for auto-proxying)
00:59:17.476 [restartedMain] INFO  o.s.w.s.a.s.AnnotationActionEndpointMapping - Supporting [WS-Addressing August 2004, WS-Addressing 1.0]
00:59:17.506 [restartedMain] INFO  o.s.c.s.PostProcessorRegistrationDelegate$BeanPostProcessorChecker - Bean 'org.springframework.transaction.annotation.ProxyTransactionManagementConfiguration' of type [org.springframework.transaction.annotation.ProxyTransactionManagementConfiguration$$EnhancerBySpringCGLIB$$dba1818] is not eligible for getting processed by all BeanPostProcessors (for example: not eligible for auto-proxying)
00:59:17.778 [restartedMain] INFO  o.s.b.w.e.tomcat.TomcatWebServer - Tomcat initialized with port(s): 9902 (http)
00:59:17.787 [restartedMain] INFO  o.a.c.http11.Http11NioProtocol - Initializing ProtocolHandler ["http-nio-9902"]
00:59:17.793 [restartedMain] INFO  o.a.c.core.StandardService - Starting service [Tomcat]
00:59:17.794 [restartedMain] INFO  o.a.catalina.core.StandardEngine - Starting Servlet Engine: Apache Tomcat/8.5.28
00:59:17.796 [localhost-startStop-1] INFO  o.a.c.core.AprLifecycleListener - The APR based Apache Tomcat Native library which allows optimal performance in production environments was not found on the java.library.path: [I:\Program Files\Java\jdk1.8.0_152\bin;C:\WINDOWS\Sun\Java\bin;C:\WINDOWS\system32;C:\WINDOWS;C:\Program Files (x86)\Intel\iCLS Client\;C:\Program Files\Intel\iCLS Client\;C:\ProgramData\Oracle\Java\javapath;C:\Windows\system32;C:\Windows;C:\Windows\System32\Wbem;C:\Windows\System32\WindowsPowerShell\v1.0\;C:\Program Files (x86)\NVIDIA Corporation\PhysX\Common;C:\Program Files (x86)\Intel\Intel(R) Management Engine Components\DAL;C:\Program Files\Intel\Intel(R) Management Engine Components\DAL;C:\Program Files (x86)\Intel\Intel(R) Management Engine Components\IPT;C:\Program Files\Intel\Intel(R) Management Engine Components\IPT;I:\Program Files\Java\jdk1.8.0_152\bin;I:\Program Files\Java\jdk1.8.0_152\jre\bin;I:\Program Files\MongoDB\Server\3.4\bin;I:\Program Files\Git\cmd;C:\WINDOWS\system32;C:\WINDOWS;C:\WINDOWS\System32\Wbem;C:\WINDOWS\System32\WindowsPowerShell\v1.0\;I:\Sdk\tools;I:\Sdk\platform-tools;I:\Program Files\Python27;I:\Program Files\pip-9.0.1;I:\Program Files\Python27\Scripts;C:\WINDOWS\System32\OpenSSH\;I:\Program Files\JetBrains\IntelliJ IDEA 2017.3.1\plugins\maven\lib\maven3\bin;C:\Users\xuzj1\AppData\Local\Microsoft\WindowsApps;;i:\Program Files\JetBrains\IntelliJ IDEA 2018.3\bin;;.]
00:59:17.861 [localhost-startStop-1] INFO  o.a.c.c.C.[.[localhost].[/] - Initializing Spring embedded WebApplicationContext
00:59:17.861 [localhost-startStop-1] INFO  o.s.web.context.ContextLoader - Root WebApplicationContext: initialization completed in 1714 ms
00:59:18.424 [localhost-startStop-1] INFO  o.s.b.w.s.ServletRegistrationBean - Servlet dispatcherServlet mapped to [/]
00:59:18.425 [localhost-startStop-1] INFO  o.s.b.w.s.ServletRegistrationBean - Servlet messageDispatcherServlet mapped to [/services/*]
00:59:18.427 [localhost-startStop-1] INFO  o.s.b.w.s.FilterRegistrationBean - Mapping filter: 'characterEncodingFilter' to: [/*]
00:59:18.427 [localhost-startStop-1] INFO  o.s.b.w.s.FilterRegistrationBean - Mapping filter: 'hiddenHttpMethodFilter' to: [/*]
00:59:18.427 [localhost-startStop-1] INFO  o.s.b.w.s.FilterRegistrationBean - Mapping filter: 'httpPutFormContentFilter' to: [/*]
00:59:18.427 [localhost-startStop-1] INFO  o.s.b.w.s.FilterRegistrationBean - Mapping filter: 'requestContextFilter' to: [/*]
00:59:18.427 [localhost-startStop-1] INFO  o.s.b.w.s.FilterRegistrationBean - Mapping filter: 'httpTraceFilter' to: [/*]
00:59:18.428 [localhost-startStop-1] INFO  o.s.b.w.s.FilterRegistrationBean - Mapping filter: 'webMvcMetricsFilter' to: [/*]
00:59:18.489 [restartedMain] INFO  c.zaxxer.hikari.HikariDataSource - HikariPool-1 - Starting...
00:59:18.609 [restartedMain] INFO  c.zaxxer.hikari.HikariDataSource - HikariPool-1 - Start completed.
00:59:18.642 [restartedMain] INFO  o.s.o.j.LocalContainerEntityManagerFactoryBean - Building JPA container EntityManagerFactory for persistence unit 'default'
00:59:18.651 [restartedMain] INFO  o.h.jpa.internal.util.LogHelper - HHH000204: Processing PersistenceUnitInfo [
	name: default
	...]
00:59:18.696 [restartedMain] INFO  org.hibernate.Version - HHH000412: Hibernate Core {5.2.14.Final}
00:59:18.696 [restartedMain] INFO  org.hibernate.cfg.Environment - HHH000206: hibernate.properties not found
00:59:18.728 [restartedMain] INFO  o.h.annotations.common.Version - HCANN000001: Hibernate Commons Annotations {5.0.1.Final}
00:59:18.818 [restartedMain] INFO  org.hibernate.dialect.Dialect - HHH000400: Using dialect: org.hibernate.dialect.MySQL5Dialect
00:59:19.186 [restartedMain] INFO  o.s.o.j.LocalContainerEntityManagerFactoryBean - Initialized JPA EntityManagerFactory for persistence unit 'default'
00:59:19.372 [restartedMain] DEBUG o.s.d.j.r.query.JpaQueryFactory - Looking up query for method findAllByCode
00:59:19.373 [restartedMain] DEBUG o.s.d.j.r.query.NamedQuery - Looking up named query FinInfo.findAllByCode
00:59:19.374 [restartedMain] DEBUG o.s.d.j.r.query.NamedQuery - Did not find named query FinInfo.findAllByCode
00:59:19.415 [restartedMain] DEBUG o.s.d.j.r.query.JpaQueryFactory - Looking up query for method findHqInfosByCode
00:59:19.415 [restartedMain] DEBUG o.s.d.j.r.query.NamedQuery - Looking up named query HqInfo.findHqInfosByCode
00:59:19.415 [restartedMain] DEBUG o.s.d.j.r.query.NamedQuery - Did not find named query HqInfo.findHqInfosByCode
00:59:19.421 [restartedMain] DEBUG o.s.d.j.r.query.JpaQueryFactory - Looking up query for method findByCode
00:59:19.421 [restartedMain] DEBUG o.s.d.j.r.query.NamedQuery - Looking up named query SnapShot.findByCode
00:59:19.421 [restartedMain] DEBUG o.s.d.j.r.query.NamedQuery - Did not find named query SnapShot.findByCode
00:59:19.434 [restartedMain] DEBUG o.s.d.j.r.query.JpaQueryFactory - Looking up query for method findByCode
00:59:19.434 [restartedMain] DEBUG o.s.d.j.r.query.NamedQuery - Looking up named query SecondCalculationUnit.findByCode
00:59:19.434 [restartedMain] DEBUG o.s.d.j.r.query.NamedQuery - Did not find named query SecondCalculationUnit.findByCode
00:59:19.758 [restartedMain] INFO  o.s.w.s.m.m.a.RequestMappingHandlerAdapter - Looking for @ControllerAdvice: org.springframework.boot.web.servlet.context.AnnotationConfigServletWebServerApplicationContext@6f73c6a5: startup date [Wed Jan 23 00:59:16 CST 2019]; root of context hierarchy
00:59:19.779 [restartedMain] WARN  o.s.b.a.o.j.JpaBaseConfiguration$JpaWebConfiguration$JpaWebMvcConfiguration - spring.jpa.open-in-view is enabled by default. Therefore, database queries may be performed during view rendering. Explicitly configure spring.jpa.open-in-view to disable this warning
00:59:19.801 [restartedMain] INFO  o.s.w.s.m.m.a.RequestMappingHandlerMapping - Mapped "{[/basic/init],methods=[GET]}" onto public void personal.xuzj157.stocksyn.controller.BasicController.init()
00:59:19.802 [restartedMain] INFO  o.s.w.s.m.m.a.RequestMappingHandlerMapping - Mapped "{[/basic/first2Second],methods=[GET]}" onto public void personal.xuzj157.stocksyn.controller.BasicController.first2Second()
00:59:19.802 [restartedMain] INFO  o.s.w.s.m.m.a.RequestMappingHandlerMapping - Mapped "{[/basic/ori2First],methods=[GET]}" onto public void personal.xuzj157.stocksyn.controller.BasicController.ori2First()
00:59:19.803 [restartedMain] INFO  o.s.w.s.m.m.a.RequestMappingHandlerMapping - Mapped "{[/calculator/cal],methods=[GET]}" onto public void personal.xuzj157.stocksyn.controller.CalculatorController.cal()
00:59:19.803 [restartedMain] INFO  o.s.w.s.m.m.a.RequestMappingHandlerMapping - Mapped "{[/calculator/calculatorChart],methods=[GET]}" onto public void personal.xuzj157.stocksyn.controller.CalculatorController.calculatorChart(int)
00:59:19.803 [restartedMain] INFO  o.s.w.s.m.m.a.RequestMappingHandlerMapping - Mapped "{[/calculator/getRandomUnit],methods=[GET]}" onto public void personal.xuzj157.stocksyn.controller.CalculatorController.genRandom()
00:59:19.803 [restartedMain] INFO  o.s.w.s.m.m.a.RequestMappingHandlerMapping - Mapped "{[/calculator/calculatorChartStatistics],methods=[GET]}" onto public void personal.xuzj157.stocksyn.controller.CalculatorController.calculatorChartStatistics(int)
00:59:19.803 [restartedMain] INFO  o.s.w.s.m.m.a.RequestMappingHandlerMapping - Mapped "{[/calculator/calculatorStatistics],methods=[GET]}" onto public void personal.xuzj157.stocksyn.controller.CalculatorController.calculatorStatistics(int)
00:59:19.804 [restartedMain] INFO  o.s.w.s.m.m.a.RequestMappingHandlerMapping - Mapped "{[/forecast/chartForecast/{times}/{code}],methods=[GET]}" onto public personal.xuzj157.stocksyn.pojo.vo.JsonResponse<java.lang.Double> personal.xuzj157.stocksyn.controller.ForecastController.chartForecast(java.lang.String,java.lang.String)
00:59:19.804 [restartedMain] INFO  o.s.w.s.m.m.a.RequestMappingHandlerMapping - Mapped "{[/forecast/chartStatisticsForecast/{name}/{code}],methods=[GET]}" onto public personal.xuzj157.stocksyn.pojo.vo.JsonResponse personal.xuzj157.stocksyn.controller.ForecastController.chartStatisticsForecast(java.lang.String,java.lang.String)
00:59:19.806 [restartedMain] INFO  o.s.w.s.m.m.a.RequestMappingHandlerMapping - Mapped "{[/test/crawler/all],methods=[GET]}" onto public void personal.xuzj157.stocksyn.controller.TestController.getAll() throws java.net.URISyntaxException
00:59:19.806 [restartedMain] INFO  o.s.w.s.m.m.a.RequestMappingHandlerMapping - Mapped "{[/test/xueqiuCompInfo]}" onto public void personal.xuzj157.stocksyn.controller.TestController.xueqiuCompInfo()
00:59:19.806 [restartedMain] INFO  o.s.w.s.m.m.a.RequestMappingHandlerMapping - Mapped "{[/test/xueqiuFin]}" onto public void personal.xuzj157.stocksyn.controller.TestController.xueqiuFin()
00:59:19.806 [restartedMain] INFO  o.s.w.s.m.m.a.RequestMappingHandlerMapping - Mapped "{[/test/shouhu]}" onto public void personal.xuzj157.stocksyn.controller.TestController.shouhuTest()
00:59:19.806 [restartedMain] INFO  o.s.w.s.m.m.a.RequestMappingHandlerMapping - Mapped "{[/test/baidu/null],methods=[GET]}" onto public void personal.xuzj157.stocksyn.controller.TestController.baiduTest()
00:59:19.806 [restartedMain] INFO  o.s.w.s.m.m.a.RequestMappingHandlerMapping - Mapped "{[/test/baidu/params],methods=[GET]}" onto public void personal.xuzj157.stocksyn.controller.TestController.baiduTest(int,int,java.lang.String)
00:59:19.806 [restartedMain] INFO  o.s.w.s.m.m.a.RequestMappingHandlerMapping - Mapped "{[/test/dongfang]}" onto public void personal.xuzj157.stocksyn.controller.TestController.GetAllTest() throws java.net.URISyntaxException
00:59:19.808 [restartedMain] INFO  o.s.w.s.m.m.a.RequestMappingHandlerMapping - Mapped "{[/error]}" onto public org.springframework.http.ResponseEntity<java.util.Map<java.lang.String, java.lang.Object>> org.springframework.boot.autoconfigure.web.servlet.error.BasicErrorController.error(javax.servlet.http.HttpServletRequest)
00:59:19.808 [restartedMain] INFO  o.s.w.s.m.m.a.RequestMappingHandlerMapping - Mapped "{[/error],produces=[text/html]}" onto public org.springframework.web.servlet.ModelAndView org.springframework.boot.autoconfigure.web.servlet.error.BasicErrorController.errorHtml(javax.servlet.http.HttpServletRequest,javax.servlet.http.HttpServletResponse)
00:59:19.836 [restartedMain] INFO  o.s.w.s.h.SimpleUrlHandlerMapping - Mapped URL path [/webjars/**] onto handler of type [class org.springframework.web.servlet.resource.ResourceHttpRequestHandler]
00:59:19.836 [restartedMain] INFO  o.s.w.s.h.SimpleUrlHandlerMapping - Mapped URL path [/**] onto handler of type [class org.springframework.web.servlet.resource.ResourceHttpRequestHandler]
00:59:19.863 [restartedMain] INFO  o.s.w.s.h.SimpleUrlHandlerMapping - Mapped URL path [/**/favicon.ico] onto handler of type [class org.springframework.web.servlet.resource.ResourceHttpRequestHandler]
00:59:20.128 [restartedMain] INFO  o.s.b.d.a.OptionalLiveReloadServer - LiveReload server is running on port 35729
00:59:20.147 [restartedMain] INFO  o.s.b.a.e.w.s.WebMvcEndpointHandlerMapping - Mapped "{[/actuator/auditevents],methods=[GET],produces=[application/vnd.spring-boot.actuator.v2+json || application/json]}" onto public java.lang.Object org.springframework.boot.actuate.endpoint.web.servlet.AbstractWebMvcEndpointHandlerMapping$OperationHandler.handle(javax.servlet.http.HttpServletRequest,java.util.Map<java.lang.String, java.lang.String>)
00:59:20.147 [restartedMain] INFO  o.s.b.a.e.w.s.WebMvcEndpointHandlerMapping - Mapped "{[/actuator/beans],methods=[GET],produces=[application/vnd.spring-boot.actuator.v2+json || application/json]}" onto public java.lang.Object org.springframework.boot.actuate.endpoint.web.servlet.AbstractWebMvcEndpointHandlerMapping$OperationHandler.handle(javax.servlet.http.HttpServletRequest,java.util.Map<java.lang.String, java.lang.String>)
00:59:20.147 [restartedMain] INFO  o.s.b.a.e.w.s.WebMvcEndpointHandlerMapping - Mapped "{[/actuator/health],methods=[GET],produces=[application/vnd.spring-boot.actuator.v2+json || application/json]}" onto public java.lang.Object org.springframework.boot.actuate.endpoint.web.servlet.AbstractWebMvcEndpointHandlerMapping$OperationHandler.handle(javax.servlet.http.HttpServletRequest,java.util.Map<java.lang.String, java.lang.String>)
00:59:20.147 [restartedMain] INFO  o.s.b.a.e.w.s.WebMvcEndpointHandlerMapping - Mapped "{[/actuator/conditions],methods=[GET],produces=[application/vnd.spring-boot.actuator.v2+json || application/json]}" onto public java.lang.Object org.springframework.boot.actuate.endpoint.web.servlet.AbstractWebMvcEndpointHandlerMapping$OperationHandler.handle(javax.servlet.http.HttpServletRequest,java.util.Map<java.lang.String, java.lang.String>)
00:59:20.148 [restartedMain] INFO  o.s.b.a.e.w.s.WebMvcEndpointHandlerMapping - Mapped "{[/actuator/configprops],methods=[GET],produces=[application/vnd.spring-boot.actuator.v2+json || application/json]}" onto public java.lang.Object org.springframework.boot.actuate.endpoint.web.servlet.AbstractWebMvcEndpointHandlerMapping$OperationHandler.handle(javax.servlet.http.HttpServletRequest,java.util.Map<java.lang.String, java.lang.String>)
00:59:20.148 [restartedMain] INFO  o.s.b.a.e.w.s.WebMvcEndpointHandlerMapping - Mapped "{[/actuator/env],methods=[GET],produces=[application/vnd.spring-boot.actuator.v2+json || application/json]}" onto public java.lang.Object org.springframework.boot.actuate.endpoint.web.servlet.AbstractWebMvcEndpointHandlerMapping$OperationHandler.handle(javax.servlet.http.HttpServletRequest,java.util.Map<java.lang.String, java.lang.String>)
00:59:20.148 [restartedMain] INFO  o.s.b.a.e.w.s.WebMvcEndpointHandlerMapping - Mapped "{[/actuator/env/{toMatch}],methods=[GET],produces=[application/vnd.spring-boot.actuator.v2+json || application/json]}" onto public java.lang.Object org.springframework.boot.actuate.endpoint.web.servlet.AbstractWebMvcEndpointHandlerMapping$OperationHandler.handle(javax.servlet.http.HttpServletRequest,java.util.Map<java.lang.String, java.lang.String>)
00:59:20.148 [restartedMain] INFO  o.s.b.a.e.w.s.WebMvcEndpointHandlerMapping - Mapped "{[/actuator/info],methods=[GET],produces=[application/vnd.spring-boot.actuator.v2+json || application/json]}" onto public java.lang.Object org.springframework.boot.actuate.endpoint.web.servlet.AbstractWebMvcEndpointHandlerMapping$OperationHandler.handle(javax.servlet.http.HttpServletRequest,java.util.Map<java.lang.String, java.lang.String>)
00:59:20.148 [restartedMain] INFO  o.s.b.a.e.w.s.WebMvcEndpointHandlerMapping - Mapped "{[/actuator/loggers],methods=[GET],produces=[application/vnd.spring-boot.actuator.v2+json || application/json]}" onto public java.lang.Object org.springframework.boot.actuate.endpoint.web.servlet.AbstractWebMvcEndpointHandlerMapping$OperationHandler.handle(javax.servlet.http.HttpServletRequest,java.util.Map<java.lang.String, java.lang.String>)
00:59:20.151 [restartedMain] INFO  o.s.b.a.e.w.s.WebMvcEndpointHandlerMapping - Mapped "{[/actuator/loggers/{name}],methods=[POST],consumes=[application/vnd.spring-boot.actuator.v2+json || application/json]}" onto public java.lang.Object org.springframework.boot.actuate.endpoint.web.servlet.AbstractWebMvcEndpointHandlerMapping$OperationHandler.handle(javax.servlet.http.HttpServletRequest,java.util.Map<java.lang.String, java.lang.String>)
00:59:20.151 [restartedMain] INFO  o.s.b.a.e.w.s.WebMvcEndpointHandlerMapping - Mapped "{[/actuator/loggers/{name}],methods=[GET],produces=[application/vnd.spring-boot.actuator.v2+json || application/json]}" onto public java.lang.Object org.springframework.boot.actuate.endpoint.web.servlet.AbstractWebMvcEndpointHandlerMapping$OperationHandler.handle(javax.servlet.http.HttpServletRequest,java.util.Map<java.lang.String, java.lang.String>)
00:59:20.151 [restartedMain] INFO  o.s.b.a.e.w.s.WebMvcEndpointHandlerMapping - Mapped "{[/actuator/heapdump],methods=[GET],produces=[application/octet-stream]}" onto public java.lang.Object org.springframework.boot.actuate.endpoint.web.servlet.AbstractWebMvcEndpointHandlerMapping$OperationHandler.handle(javax.servlet.http.HttpServletRequest,java.util.Map<java.lang.String, java.lang.String>)
00:59:20.152 [restartedMain] INFO  o.s.b.a.e.w.s.WebMvcEndpointHandlerMapping - Mapped "{[/actuator/threaddump],methods=[GET],produces=[application/vnd.spring-boot.actuator.v2+json || application/json]}" onto public java.lang.Object org.springframework.boot.actuate.endpoint.web.servlet.AbstractWebMvcEndpointHandlerMapping$OperationHandler.handle(javax.servlet.http.HttpServletRequest,java.util.Map<java.lang.String, java.lang.String>)
00:59:20.152 [restartedMain] INFO  o.s.b.a.e.w.s.WebMvcEndpointHandlerMapping - Mapped "{[/actuator/metrics],methods=[GET],produces=[application/vnd.spring-boot.actuator.v2+json || application/json]}" onto public java.lang.Object org.springframework.boot.actuate.endpoint.web.servlet.AbstractWebMvcEndpointHandlerMapping$OperationHandler.handle(javax.servlet.http.HttpServletRequest,java.util.Map<java.lang.String, java.lang.String>)
00:59:20.152 [restartedMain] INFO  o.s.b.a.e.w.s.WebMvcEndpointHandlerMapping - Mapped "{[/actuator/metrics/{requiredMetricName}],methods=[GET],produces=[application/vnd.spring-boot.actuator.v2+json || application/json]}" onto public java.lang.Object org.springframework.boot.actuate.endpoint.web.servlet.AbstractWebMvcEndpointHandlerMapping$OperationHandler.handle(javax.servlet.http.HttpServletRequest,java.util.Map<java.lang.String, java.lang.String>)
00:59:20.152 [restartedMain] INFO  o.s.b.a.e.w.s.WebMvcEndpointHandlerMapping - Mapped "{[/actuator/scheduledtasks],methods=[GET],produces=[application/vnd.spring-boot.actuator.v2+json || application/json]}" onto public java.lang.Object org.springframework.boot.actuate.endpoint.web.servlet.AbstractWebMvcEndpointHandlerMapping$OperationHandler.handle(javax.servlet.http.HttpServletRequest,java.util.Map<java.lang.String, java.lang.String>)
00:59:20.152 [restartedMain] INFO  o.s.b.a.e.w.s.WebMvcEndpointHandlerMapping - Mapped "{[/actuator/httptrace],methods=[GET],produces=[application/vnd.spring-boot.actuator.v2+json || application/json]}" onto public java.lang.Object org.springframework.boot.actuate.endpoint.web.servlet.AbstractWebMvcEndpointHandlerMapping$OperationHandler.handle(javax.servlet.http.HttpServletRequest,java.util.Map<java.lang.String, java.lang.String>)
00:59:20.152 [restartedMain] INFO  o.s.b.a.e.w.s.WebMvcEndpointHandlerMapping - Mapped "{[/actuator/mappings],methods=[GET],produces=[application/vnd.spring-boot.actuator.v2+json || application/json]}" onto public java.lang.Object org.springframework.boot.actuate.endpoint.web.servlet.AbstractWebMvcEndpointHandlerMapping$OperationHandler.handle(javax.servlet.http.HttpServletRequest,java.util.Map<java.lang.String, java.lang.String>)
00:59:20.153 [restartedMain] INFO  o.s.b.a.e.w.s.WebMvcEndpointHandlerMapping - Mapped "{[/actuator],methods=[GET],produces=[application/vnd.spring-boot.actuator.v2+json || application/json]}" onto protected java.util.Map<java.lang.String, java.util.Map<java.lang.String, org.springframework.boot.actuate.endpoint.web.Link>> org.springframework.boot.actuate.endpoint.web.servlet.WebMvcEndpointHandlerMapping.links(javax.servlet.http.HttpServletRequest,javax.servlet.http.HttpServletResponse)
00:59:20.222 [restartedMain] INFO  o.s.j.e.a.AnnotationMBeanExporter - Registering beans for JMX exposure on startup
00:59:20.222 [restartedMain] INFO  o.s.j.e.a.AnnotationMBeanExporter - Bean with name 'dataSource' has been autodetected for JMX exposure
00:59:20.228 [restartedMain] INFO  o.s.j.e.a.AnnotationMBeanExporter - Located MBean 'dataSource': registering with JMX server as MBean [com.zaxxer.hikari:name=dataSource,type=HikariDataSource]
00:59:20.241 [restartedMain] INFO  o.a.c.http11.Http11NioProtocol - Starting ProtocolHandler ["http-nio-9902"]
00:59:20.247 [restartedMain] INFO  o.a.t.util.net.NioSelectorPool - Using a shared selector for servlet write/read
00:59:20.257 [restartedMain] INFO  o.s.b.w.e.tomcat.TomcatWebServer - Tomcat started on port(s): 9902 (http) with context path ''
00:59:20.259 [restartedMain] INFO  p.x.stocksyn.StockSynApplication - Started StockSynApplication in 4.503 seconds (JVM running for 5.28)
00:59:20.458 [RMI TCP Connection(3)-127.0.0.1] INFO  o.a.c.c.C.[.[localhost].[/] - Initializing Spring FrameworkServlet 'dispatcherServlet'
00:59:20.459 [RMI TCP Connection(3)-127.0.0.1] INFO  o.s.w.servlet.DispatcherServlet - FrameworkServlet 'dispatcherServlet': initialization started
00:59:20.470 [RMI TCP Connection(3)-127.0.0.1] INFO  o.s.w.servlet.DispatcherServlet - FrameworkServlet 'dispatcherServlet': initialization completed in 11 ms
01:00:35.188 [http-nio-9902-exec-2] DEBUG o.s.d.r.c.s.TransactionalRepositoryProxyPostProcessor$CustomAnnotationTransactionAttributeSource - Adding transactional method 'findAll' with attribute: PROPAGATION_REQUIRED,ISOLATION_DEFAULT,readOnly; ''
01:00:35.205 [http-nio-9902-exec-2] INFO  o.h.h.i.QueryTranslatorFactoryInitiator - HHH000397: Using ASTQueryTranslatorFactory
01:01:56.154 [restartedMain] INFO  p.x.stocksyn.StockSynApplication - Starting StockSynApplication on DESKTOP-3UAEIUA with PID 2076 (I:\IdeaProjects\StockSyn\target\classes started by xuzj157 in I:\IdeaProjects\StockSyn)
01:01:56.155 [restartedMain] INFO  p.x.stocksyn.StockSynApplication - No active profile set, falling back to default profiles: default
01:01:56.208 [restartedMain] INFO  o.s.b.w.s.c.AnnotationConfigServletWebServerApplicationContext - Refreshing org.springframework.boot.web.servlet.context.AnnotationConfigServletWebServerApplicationContext@796d56c4: startup date [Wed Jan 23 01:01:56 CST 2019]; root of context hierarchy
01:01:56.967 [restartedMain] DEBUG o.s.d.r.c.RepositoryComponentProvider - Identified candidate component class: file [I:\IdeaProjects\StockSyn\target\classes\personal\xuzj157\stocksyn\repository\BasicInfoRepository.class]
01:01:56.968 [restartedMain] DEBUG o.s.d.r.c.RepositoryComponentProvider - Identified candidate component class: file [I:\IdeaProjects\StockSyn\target\classes\personal\xuzj157\stocksyn\repository\calculationUnit\FirstCalculationUnitRepository.class]
01:01:56.968 [restartedMain] DEBUG o.s.d.r.c.RepositoryComponentProvider - Identified candidate component class: file [I:\IdeaProjects\StockSyn\target\classes\personal\xuzj157\stocksyn\repository\calculationUnit\RandomUnitRepository.class]
01:01:56.968 [restartedMain] DEBUG o.s.d.r.c.RepositoryComponentProvider - Identified candidate component class: file [I:\IdeaProjects\StockSyn\target\classes\personal\xuzj157\stocksyn\repository\calculationUnit\SecondCalculationUnitRepository.class]
01:01:56.968 [restartedMain] DEBUG o.s.d.r.c.RepositoryComponentProvider - Identified candidate component class: file [I:\IdeaProjects\StockSyn\target\classes\personal\xuzj157\stocksyn\repository\FinInfoRepository.class]
01:01:56.969 [restartedMain] DEBUG o.s.d.r.c.RepositoryComponentProvider - Identified candidate component class: file [I:\IdeaProjects\StockSyn\target\classes\personal\xuzj157\stocksyn\repository\HqInfoRepository.class]
01:01:56.969 [restartedMain] DEBUG o.s.d.r.c.RepositoryComponentProvider - Identified candidate component class: file [I:\IdeaProjects\StockSyn\target\classes\personal\xuzj157\stocksyn\repository\SnapShotRepository.class]
01:01:56.969 [restartedMain] DEBUG o.s.d.r.c.RepositoryComponentProvider - Identified candidate component class: file [I:\IdeaProjects\StockSyn\target\classes\personal\xuzj157\stocksyn\repository\SymbolRepository.class]
01:01:56.992 [restartedMain] DEBUG o.s.d.r.c.RepositoryConfigurationDelegate - Spring Data JPA - Registering repository: snapShotRepository - Interface: personal.xuzj157.stocksyn.repository.SnapShotRepository - Factory: org.springframework.data.jpa.repository.support.JpaRepositoryFactoryBean
01:01:56.995 [restartedMain] DEBUG o.s.d.r.c.RepositoryConfigurationDelegate - Spring Data JPA - Registering repository: randomUnitRepository - Interface: personal.xuzj157.stocksyn.repository.calculationUnit.RandomUnitRepository - Factory: org.springframework.data.jpa.repository.support.JpaRepositoryFactoryBean
01:01:56.996 [restartedMain] DEBUG o.s.d.r.c.RepositoryConfigurationDelegate - Spring Data JPA - Registering repository: secondCalculationUnitRepository - Interface: personal.xuzj157.stocksyn.repository.calculationUnit.SecondCalculationUnitRepository - Factory: org.springframework.data.jpa.repository.support.JpaRepositoryFactoryBean
01:01:57.003 [restartedMain] DEBUG o.s.d.r.c.RepositoryConfigurationDelegate - Spring Data JPA - Registering repository: hqInfoRepository - Interface: personal.xuzj157.stocksyn.repository.HqInfoRepository - Factory: org.springframework.data.jpa.repository.support.JpaRepositoryFactoryBean
01:01:57.004 [restartedMain] DEBUG o.s.d.r.c.RepositoryConfigurationDelegate - Spring Data JPA - Registering repository: symbolRepository - Interface: personal.xuzj157.stocksyn.repository.SymbolRepository - Factory: org.springframework.data.jpa.repository.support.JpaRepositoryFactoryBean
01:01:57.005 [restartedMain] DEBUG o.s.d.r.c.RepositoryConfigurationDelegate - Spring Data JPA - Registering repository: firstCalculationUnitRepository - Interface: personal.xuzj157.stocksyn.repository.calculationUnit.FirstCalculationUnitRepository - Factory: org.springframework.data.jpa.repository.support.JpaRepositoryFactoryBean
01:01:57.006 [restartedMain] DEBUG o.s.d.r.c.RepositoryConfigurationDelegate - Spring Data JPA - Registering repository: finInfoRepository - Interface: personal.xuzj157.stocksyn.repository.FinInfoRepository - Factory: org.springframework.data.jpa.repository.support.JpaRepositoryFactoryBean
01:01:57.008 [restartedMain] DEBUG o.s.d.r.c.RepositoryConfigurationDelegate - Spring Data JPA - Registering repository: basicInfoRepository - Interface: personal.xuzj157.stocksyn.repository.BasicInfoRepository - Factory: org.springframework.data.jpa.repository.support.JpaRepositoryFactoryBean
01:01:57.279 [restartedMain] INFO  o.s.c.s.PostProcessorRegistrationDelegate$BeanPostProcessorChecker - Bean 'org.springframework.ws.config.annotation.DelegatingWsConfiguration' of type [org.springframework.ws.config.annotation.DelegatingWsConfiguration$$EnhancerBySpringCGLIB$$fe431ff7] is not eligible for getting processed by all BeanPostProcessors (for example: not eligible for auto-proxying)
01:01:57.304 [restartedMain] INFO  o.s.w.s.a.s.AnnotationActionEndpointMapping - Supporting [WS-Addressing August 2004, WS-Addressing 1.0]
01:01:57.336 [restartedMain] INFO  o.s.c.s.PostProcessorRegistrationDelegate$BeanPostProcessorChecker - Bean 'org.springframework.transaction.annotation.ProxyTransactionManagementConfiguration' of type [org.springframework.transaction.annotation.ProxyTransactionManagementConfiguration$$EnhancerBySpringCGLIB$$59ab5af8] is not eligible for getting processed by all BeanPostProcessors (for example: not eligible for auto-proxying)
01:01:57.596 [restartedMain] INFO  o.s.b.w.e.tomcat.TomcatWebServer - Tomcat initialized with port(s): 9902 (http)
01:01:57.603 [restartedMain] INFO  o.a.c.http11.Http11NioProtocol - Initializing ProtocolHandler ["http-nio-9902"]
01:01:57.610 [restartedMain] INFO  o.a.c.core.StandardService - Starting service [Tomcat]
01:01:57.610 [restartedMain] INFO  o.a.catalina.core.StandardEngine - Starting Servlet Engine: Apache Tomcat/8.5.28
01:01:57.613 [localhost-startStop-1] INFO  o.a.c.core.AprLifecycleListener - The APR based Apache Tomcat Native library which allows optimal performance in production environments was not found on the java.library.path: [I:\Program Files\Java\jdk1.8.0_152\bin;C:\WINDOWS\Sun\Java\bin;C:\WINDOWS\system32;C:\WINDOWS;C:\Program Files (x86)\Intel\iCLS Client\;C:\Program Files\Intel\iCLS Client\;C:\ProgramData\Oracle\Java\javapath;C:\Windows\system32;C:\Windows;C:\Windows\System32\Wbem;C:\Windows\System32\WindowsPowerShell\v1.0\;C:\Program Files (x86)\NVIDIA Corporation\PhysX\Common;C:\Program Files (x86)\Intel\Intel(R) Management Engine Components\DAL;C:\Program Files\Intel\Intel(R) Management Engine Components\DAL;C:\Program Files (x86)\Intel\Intel(R) Management Engine Components\IPT;C:\Program Files\Intel\Intel(R) Management Engine Components\IPT;I:\Program Files\Java\jdk1.8.0_152\bin;I:\Program Files\Java\jdk1.8.0_152\jre\bin;I:\Program Files\MongoDB\Server\3.4\bin;I:\Program Files\Git\cmd;C:\WINDOWS\system32;C:\WINDOWS;C:\WINDOWS\System32\Wbem;C:\WINDOWS\System32\WindowsPowerShell\v1.0\;I:\Sdk\tools;I:\Sdk\platform-tools;I:\Program Files\Python27;I:\Program Files\pip-9.0.1;I:\Program Files\Python27\Scripts;C:\WINDOWS\System32\OpenSSH\;I:\Program Files\JetBrains\IntelliJ IDEA 2017.3.1\plugins\maven\lib\maven3\bin;C:\Users\xuzj1\AppData\Local\Microsoft\WindowsApps;;i:\Program Files\JetBrains\IntelliJ IDEA 2018.3\bin;;.]
01:01:57.679 [localhost-startStop-1] INFO  o.a.c.c.C.[.[localhost].[/] - Initializing Spring embedded WebApplicationContext
01:01:57.680 [localhost-startStop-1] INFO  o.s.web.context.ContextLoader - Root WebApplicationContext: initialization completed in 1473 ms
01:01:58.298 [localhost-startStop-1] INFO  o.s.b.w.s.ServletRegistrationBean - Servlet dispatcherServlet mapped to [/]
01:01:58.299 [localhost-startStop-1] INFO  o.s.b.w.s.ServletRegistrationBean - Servlet messageDispatcherServlet mapped to [/services/*]
01:01:58.301 [localhost-startStop-1] INFO  o.s.b.w.s.FilterRegistrationBean - Mapping filter: 'characterEncodingFilter' to: [/*]
01:01:58.301 [localhost-startStop-1] INFO  o.s.b.w.s.FilterRegistrationBean - Mapping filter: 'hiddenHttpMethodFilter' to: [/*]
01:01:58.301 [localhost-startStop-1] INFO  o.s.b.w.s.FilterRegistrationBean - Mapping filter: 'httpPutFormContentFilter' to: [/*]
01:01:58.301 [localhost-startStop-1] INFO  o.s.b.w.s.FilterRegistrationBean - Mapping filter: 'requestContextFilter' to: [/*]
01:01:58.302 [localhost-startStop-1] INFO  o.s.b.w.s.FilterRegistrationBean - Mapping filter: 'httpTraceFilter' to: [/*]
01:01:58.302 [localhost-startStop-1] INFO  o.s.b.w.s.FilterRegistrationBean - Mapping filter: 'webMvcMetricsFilter' to: [/*]
01:01:58.363 [restartedMain] INFO  c.zaxxer.hikari.HikariDataSource - HikariPool-1 - Starting...
01:01:58.497 [restartedMain] INFO  c.zaxxer.hikari.HikariDataSource - HikariPool-1 - Start completed.
01:01:58.534 [restartedMain] INFO  o.s.o.j.LocalContainerEntityManagerFactoryBean - Building JPA container EntityManagerFactory for persistence unit 'default'
01:01:58.544 [restartedMain] INFO  o.h.jpa.internal.util.LogHelper - HHH000204: Processing PersistenceUnitInfo [
	name: default
	...]
01:01:58.592 [restartedMain] INFO  org.hibernate.Version - HHH000412: Hibernate Core {5.2.14.Final}
01:01:58.593 [restartedMain] INFO  org.hibernate.cfg.Environment - HHH000206: hibernate.properties not found
01:01:58.621 [restartedMain] INFO  o.h.annotations.common.Version - HCANN000001: Hibernate Commons Annotations {5.0.1.Final}
01:01:58.708 [restartedMain] INFO  org.hibernate.dialect.Dialect - HHH000400: Using dialect: org.hibernate.dialect.MySQL5Dialect
01:01:59.174 [restartedMain] INFO  o.s.o.j.LocalContainerEntityManagerFactoryBean - Initialized JPA EntityManagerFactory for persistence unit 'default'
01:01:59.682 [restartedMain] DEBUG o.s.d.j.r.query.JpaQueryFactory - Looking up query for method findAllByCode
01:01:59.683 [restartedMain] DEBUG o.s.d.j.r.query.NamedQuery - Looking up named query FinInfo.findAllByCode
01:01:59.685 [restartedMain] DEBUG o.s.d.j.r.query.NamedQuery - Did not find named query FinInfo.findAllByCode
01:01:59.727 [restartedMain] DEBUG o.s.d.j.r.query.JpaQueryFactory - Looking up query for method findHqInfosByCode
01:01:59.728 [restartedMain] DEBUG o.s.d.j.r.query.NamedQuery - Looking up named query HqInfo.findHqInfosByCode
01:01:59.728 [restartedMain] DEBUG o.s.d.j.r.query.NamedQuery - Did not find named query HqInfo.findHqInfosByCode
01:01:59.734 [restartedMain] DEBUG o.s.d.j.r.query.JpaQueryFactory - Looking up query for method findByCode
01:01:59.734 [restartedMain] DEBUG o.s.d.j.r.query.NamedQuery - Looking up named query SnapShot.findByCode
01:01:59.735 [restartedMain] DEBUG o.s.d.j.r.query.NamedQuery - Did not find named query SnapShot.findByCode
01:01:59.749 [restartedMain] DEBUG o.s.d.j.r.query.JpaQueryFactory - Looking up query for method findByCode
01:01:59.750 [restartedMain] DEBUG o.s.d.j.r.query.NamedQuery - Looking up named query SecondCalculationUnit.findByCode
01:01:59.750 [restartedMain] DEBUG o.s.d.j.r.query.NamedQuery - Did not find named query SecondCalculationUnit.findByCode
01:02:00.046 [restartedMain] INFO  o.s.w.s.m.m.a.RequestMappingHandlerAdapter - Looking for @ControllerAdvice: org.springframework.boot.web.servlet.context.AnnotationConfigServletWebServerApplicationContext@796d56c4: startup date [Wed Jan 23 01:01:56 CST 2019]; root of context hierarchy
01:02:00.068 [restartedMain] WARN  o.s.b.a.o.j.JpaBaseConfiguration$JpaWebConfiguration$JpaWebMvcConfiguration - spring.jpa.open-in-view is enabled by default. Therefore, database queries may be performed during view rendering. Explicitly configure spring.jpa.open-in-view to disable this warning
01:02:00.101 [restartedMain] INFO  o.s.w.s.m.m.a.RequestMappingHandlerMapping - Mapped "{[/basic/init],methods=[GET]}" onto public void personal.xuzj157.stocksyn.controller.BasicController.init()
01:02:00.102 [restartedMain] INFO  o.s.w.s.m.m.a.RequestMappingHandlerMapping - Mapped "{[/basic/first2Second],methods=[GET]}" onto public void personal.xuzj157.stocksyn.controller.BasicController.first2Second()
01:02:00.102 [restartedMain] INFO  o.s.w.s.m.m.a.RequestMappingHandlerMapping - Mapped "{[/basic/ori2First],methods=[GET]}" onto public void personal.xuzj157.stocksyn.controller.BasicController.ori2First()
01:02:00.103 [restartedMain] INFO  o.s.w.s.m.m.a.RequestMappingHandlerMapping - Mapped "{[/calculator/cal],methods=[GET]}" onto public void personal.xuzj157.stocksyn.controller.CalculatorController.cal()
01:02:00.104 [restartedMain] INFO  o.s.w.s.m.m.a.RequestMappingHandlerMapping - Mapped "{[/calculator/calculatorChart],methods=[GET]}" onto public void personal.xuzj157.stocksyn.controller.CalculatorController.calculatorChart(int)
01:02:00.104 [restartedMain] INFO  o.s.w.s.m.m.a.RequestMappingHandlerMapping - Mapped "{[/calculator/getRandomUnit],methods=[GET]}" onto public void personal.xuzj157.stocksyn.controller.CalculatorController.genRandom()
01:02:00.105 [restartedMain] INFO  o.s.w.s.m.m.a.RequestMappingHandlerMapping - Mapped "{[/calculator/calculatorStatistics],methods=[GET]}" onto public void personal.xuzj157.stocksyn.controller.CalculatorController.calculatorStatistics(int)
01:02:00.105 [restartedMain] INFO  o.s.w.s.m.m.a.RequestMappingHandlerMapping - Mapped "{[/calculator/calculatorChartStatistics],methods=[GET]}" onto public void personal.xuzj157.stocksyn.controller.CalculatorController.calculatorChartStatistics(int)
01:02:00.105 [restartedMain] INFO  o.s.w.s.m.m.a.RequestMappingHandlerMapping - Mapped "{[/forecast/chartForecast/{times}/{code}],methods=[GET]}" onto public personal.xuzj157.stocksyn.pojo.vo.JsonResponse<java.lang.Double> personal.xuzj157.stocksyn.controller.ForecastController.chartForecast(java.lang.String,java.lang.String)
01:02:00.105 [restartedMain] INFO  o.s.w.s.m.m.a.RequestMappingHandlerMapping - Mapped "{[/forecast/chartStatisticsForecast/{name}/{code}],methods=[GET]}" onto public personal.xuzj157.stocksyn.pojo.vo.JsonResponse personal.xuzj157.stocksyn.controller.ForecastController.chartStatisticsForecast(java.lang.String,java.lang.String)
01:02:00.106 [restartedMain] INFO  o.s.w.s.m.m.a.RequestMappingHandlerMapping - Mapped "{[/test/crawler/all],methods=[GET]}" onto public void personal.xuzj157.stocksyn.controller.TestController.getAll() throws java.net.URISyntaxException
01:02:00.107 [restartedMain] INFO  o.s.w.s.m.m.a.RequestMappingHandlerMapping - Mapped "{[/test/xueqiuFin]}" onto public void personal.xuzj157.stocksyn.controller.TestController.xueqiuFin()
01:02:00.107 [restartedMain] INFO  o.s.w.s.m.m.a.RequestMappingHandlerMapping - Mapped "{[/test/dongfang]}" onto public void personal.xuzj157.stocksyn.controller.TestController.GetAllTest() throws java.net.URISyntaxException
01:02:00.107 [restartedMain] INFO  o.s.w.s.m.m.a.RequestMappingHandlerMapping - Mapped "{[/test/xueqiuCompInfo]}" onto public void personal.xuzj157.stocksyn.controller.TestController.xueqiuCompInfo()
01:02:00.107 [restartedMain] INFO  o.s.w.s.m.m.a.RequestMappingHandlerMapping - Mapped "{[/test/shouhu]}" onto public void personal.xuzj157.stocksyn.controller.TestController.shouhuTest()
01:02:00.107 [restartedMain] INFO  o.s.w.s.m.m.a.RequestMappingHandlerMapping - Mapped "{[/test/baidu/null],methods=[GET]}" onto public void personal.xuzj157.stocksyn.controller.TestController.baiduTest()
01:02:00.108 [restartedMain] INFO  o.s.w.s.m.m.a.RequestMappingHandlerMapping - Mapped "{[/test/baidu/params],methods=[GET]}" onto public void personal.xuzj157.stocksyn.controller.TestController.baiduTest(int,int,java.lang.String)
01:02:00.110 [restartedMain] INFO  o.s.w.s.m.m.a.RequestMappingHandlerMapping - Mapped "{[/error]}" onto public org.springframework.http.ResponseEntity<java.util.Map<java.lang.String, java.lang.Object>> org.springframework.boot.autoconfigure.web.servlet.error.BasicErrorController.error(javax.servlet.http.HttpServletRequest)
01:02:00.110 [restartedMain] INFO  o.s.w.s.m.m.a.RequestMappingHandlerMapping - Mapped "{[/error],produces=[text/html]}" onto public org.springframework.web.servlet.ModelAndView org.springframework.boot.autoconfigure.web.servlet.error.BasicErrorController.errorHtml(javax.servlet.http.HttpServletRequest,javax.servlet.http.HttpServletResponse)
01:02:00.138 [restartedMain] INFO  o.s.w.s.h.SimpleUrlHandlerMapping - Mapped URL path [/webjars/**] onto handler of type [class org.springframework.web.servlet.resource.ResourceHttpRequestHandler]
01:02:00.138 [restartedMain] INFO  o.s.w.s.h.SimpleUrlHandlerMapping - Mapped URL path [/**] onto handler of type [class org.springframework.web.servlet.resource.ResourceHttpRequestHandler]
01:02:00.167 [restartedMain] INFO  o.s.w.s.h.SimpleUrlHandlerMapping - Mapped URL path [/**/favicon.ico] onto handler of type [class org.springframework.web.servlet.resource.ResourceHttpRequestHandler]
01:02:00.443 [restartedMain] INFO  o.s.b.d.a.OptionalLiveReloadServer - LiveReload server is running on port 35729
01:02:00.460 [restartedMain] INFO  o.s.b.a.e.w.s.WebMvcEndpointHandlerMapping - Mapped "{[/actuator/auditevents],methods=[GET],produces=[application/vnd.spring-boot.actuator.v2+json || application/json]}" onto public java.lang.Object org.springframework.boot.actuate.endpoint.web.servlet.AbstractWebMvcEndpointHandlerMapping$OperationHandler.handle(javax.servlet.http.HttpServletRequest,java.util.Map<java.lang.String, java.lang.String>)
01:02:00.461 [restartedMain] INFO  o.s.b.a.e.w.s.WebMvcEndpointHandlerMapping - Mapped "{[/actuator/beans],methods=[GET],produces=[application/vnd.spring-boot.actuator.v2+json || application/json]}" onto public java.lang.Object org.springframework.boot.actuate.endpoint.web.servlet.AbstractWebMvcEndpointHandlerMapping$OperationHandler.handle(javax.servlet.http.HttpServletRequest,java.util.Map<java.lang.String, java.lang.String>)
01:02:00.461 [restartedMain] INFO  o.s.b.a.e.w.s.WebMvcEndpointHandlerMapping - Mapped "{[/actuator/health],methods=[GET],produces=[application/vnd.spring-boot.actuator.v2+json || application/json]}" onto public java.lang.Object org.springframework.boot.actuate.endpoint.web.servlet.AbstractWebMvcEndpointHandlerMapping$OperationHandler.handle(javax.servlet.http.HttpServletRequest,java.util.Map<java.lang.String, java.lang.String>)
01:02:00.461 [restartedMain] INFO  o.s.b.a.e.w.s.WebMvcEndpointHandlerMapping - Mapped "{[/actuator/conditions],methods=[GET],produces=[application/vnd.spring-boot.actuator.v2+json || application/json]}" onto public java.lang.Object org.springframework.boot.actuate.endpoint.web.servlet.AbstractWebMvcEndpointHandlerMapping$OperationHandler.handle(javax.servlet.http.HttpServletRequest,java.util.Map<java.lang.String, java.lang.String>)
01:02:00.461 [restartedMain] INFO  o.s.b.a.e.w.s.WebMvcEndpointHandlerMapping - Mapped "{[/actuator/configprops],methods=[GET],produces=[application/vnd.spring-boot.actuator.v2+json || application/json]}" onto public java.lang.Object org.springframework.boot.actuate.endpoint.web.servlet.AbstractWebMvcEndpointHandlerMapping$OperationHandler.handle(javax.servlet.http.HttpServletRequest,java.util.Map<java.lang.String, java.lang.String>)
01:02:00.462 [restartedMain] INFO  o.s.b.a.e.w.s.WebMvcEndpointHandlerMapping - Mapped "{[/actuator/env],methods=[GET],produces=[application/vnd.spring-boot.actuator.v2+json || application/json]}" onto public java.lang.Object org.springframework.boot.actuate.endpoint.web.servlet.AbstractWebMvcEndpointHandlerMapping$OperationHandler.handle(javax.servlet.http.HttpServletRequest,java.util.Map<java.lang.String, java.lang.String>)
01:02:00.462 [restartedMain] INFO  o.s.b.a.e.w.s.WebMvcEndpointHandlerMapping - Mapped "{[/actuator/env/{toMatch}],methods=[GET],produces=[application/vnd.spring-boot.actuator.v2+json || application/json]}" onto public java.lang.Object org.springframework.boot.actuate.endpoint.web.servlet.AbstractWebMvcEndpointHandlerMapping$OperationHandler.handle(javax.servlet.http.HttpServletRequest,java.util.Map<java.lang.String, java.lang.String>)
01:02:00.462 [restartedMain] INFO  o.s.b.a.e.w.s.WebMvcEndpointHandlerMapping - Mapped "{[/actuator/info],methods=[GET],produces=[application/vnd.spring-boot.actuator.v2+json || application/json]}" onto public java.lang.Object org.springframework.boot.actuate.endpoint.web.servlet.AbstractWebMvcEndpointHandlerMapping$OperationHandler.handle(javax.servlet.http.HttpServletRequest,java.util.Map<java.lang.String, java.lang.String>)
01:02:00.462 [restartedMain] INFO  o.s.b.a.e.w.s.WebMvcEndpointHandlerMapping - Mapped "{[/actuator/loggers],methods=[GET],produces=[application/vnd.spring-boot.actuator.v2+json || application/json]}" onto public java.lang.Object org.springframework.boot.actuate.endpoint.web.servlet.AbstractWebMvcEndpointHandlerMapping$OperationHandler.handle(javax.servlet.http.HttpServletRequest,java.util.Map<java.lang.String, java.lang.String>)
01:02:00.462 [restartedMain] INFO  o.s.b.a.e.w.s.WebMvcEndpointHandlerMapping - Mapped "{[/actuator/loggers/{name}],methods=[GET],produces=[application/vnd.spring-boot.actuator.v2+json || application/json]}" onto public java.lang.Object org.springframework.boot.actuate.endpoint.web.servlet.AbstractWebMvcEndpointHandlerMapping$OperationHandler.handle(javax.servlet.http.HttpServletRequest,java.util.Map<java.lang.String, java.lang.String>)
01:02:00.463 [restartedMain] INFO  o.s.b.a.e.w.s.WebMvcEndpointHandlerMapping - Mapped "{[/actuator/loggers/{name}],methods=[POST],consumes=[application/vnd.spring-boot.actuator.v2+json || application/json]}" onto public java.lang.Object org.springframework.boot.actuate.endpoint.web.servlet.AbstractWebMvcEndpointHandlerMapping$OperationHandler.handle(javax.servlet.http.HttpServletRequest,java.util.Map<java.lang.String, java.lang.String>)
01:02:00.463 [restartedMain] INFO  o.s.b.a.e.w.s.WebMvcEndpointHandlerMapping - Mapped "{[/actuator/heapdump],methods=[GET],produces=[application/octet-stream]}" onto public java.lang.Object org.springframework.boot.actuate.endpoint.web.servlet.AbstractWebMvcEndpointHandlerMapping$OperationHandler.handle(javax.servlet.http.HttpServletRequest,java.util.Map<java.lang.String, java.lang.String>)
01:02:00.463 [restartedMain] INFO  o.s.b.a.e.w.s.WebMvcEndpointHandlerMapping - Mapped "{[/actuator/threaddump],methods=[GET],produces=[application/vnd.spring-boot.actuator.v2+json || application/json]}" onto public java.lang.Object org.springframework.boot.actuate.endpoint.web.servlet.AbstractWebMvcEndpointHandlerMapping$OperationHandler.handle(javax.servlet.http.HttpServletRequest,java.util.Map<java.lang.String, java.lang.String>)
01:02:00.463 [restartedMain] INFO  o.s.b.a.e.w.s.WebMvcEndpointHandlerMapping - Mapped "{[/actuator/metrics],methods=[GET],produces=[application/vnd.spring-boot.actuator.v2+json || application/json]}" onto public java.lang.Object org.springframework.boot.actuate.endpoint.web.servlet.AbstractWebMvcEndpointHandlerMapping$OperationHandler.handle(javax.servlet.http.HttpServletRequest,java.util.Map<java.lang.String, java.lang.String>)
01:02:00.463 [restartedMain] INFO  o.s.b.a.e.w.s.WebMvcEndpointHandlerMapping - Mapped "{[/actuator/metrics/{requiredMetricName}],methods=[GET],produces=[application/vnd.spring-boot.actuator.v2+json || application/json]}" onto public java.lang.Object org.springframework.boot.actuate.endpoint.web.servlet.AbstractWebMvcEndpointHandlerMapping$OperationHandler.handle(javax.servlet.http.HttpServletRequest,java.util.Map<java.lang.String, java.lang.String>)
01:02:00.464 [restartedMain] INFO  o.s.b.a.e.w.s.WebMvcEndpointHandlerMapping - Mapped "{[/actuator/scheduledtasks],methods=[GET],produces=[application/vnd.spring-boot.actuator.v2+json || application/json]}" onto public java.lang.Object org.springframework.boot.actuate.endpoint.web.servlet.AbstractWebMvcEndpointHandlerMapping$OperationHandler.handle(javax.servlet.http.HttpServletRequest,java.util.Map<java.lang.String, java.lang.String>)
01:02:00.464 [restartedMain] INFO  o.s.b.a.e.w.s.WebMvcEndpointHandlerMapping - Mapped "{[/actuator/httptrace],methods=[GET],produces=[application/vnd.spring-boot.actuator.v2+json || application/json]}" onto public java.lang.Object org.springframework.boot.actuate.endpoint.web.servlet.AbstractWebMvcEndpointHandlerMapping$OperationHandler.handle(javax.servlet.http.HttpServletRequest,java.util.Map<java.lang.String, java.lang.String>)
01:02:00.464 [restartedMain] INFO  o.s.b.a.e.w.s.WebMvcEndpointHandlerMapping - Mapped "{[/actuator/mappings],methods=[GET],produces=[application/vnd.spring-boot.actuator.v2+json || application/json]}" onto public java.lang.Object org.springframework.boot.actuate.endpoint.web.servlet.AbstractWebMvcEndpointHandlerMapping$OperationHandler.handle(javax.servlet.http.HttpServletRequest,java.util.Map<java.lang.String, java.lang.String>)
01:02:00.464 [restartedMain] INFO  o.s.b.a.e.w.s.WebMvcEndpointHandlerMapping - Mapped "{[/actuator],methods=[GET],produces=[application/vnd.spring-boot.actuator.v2+json || application/json]}" onto protected java.util.Map<java.lang.String, java.util.Map<java.lang.String, org.springframework.boot.actuate.endpoint.web.Link>> org.springframework.boot.actuate.endpoint.web.servlet.WebMvcEndpointHandlerMapping.links(javax.servlet.http.HttpServletRequest,javax.servlet.http.HttpServletResponse)
01:02:00.532 [restartedMain] INFO  o.s.j.e.a.AnnotationMBeanExporter - Registering beans for JMX exposure on startup
01:02:00.533 [restartedMain] INFO  o.s.j.e.a.AnnotationMBeanExporter - Bean with name 'dataSource' has been autodetected for JMX exposure
01:02:00.537 [restartedMain] INFO  o.s.j.e.a.AnnotationMBeanExporter - Located MBean 'dataSource': registering with JMX server as MBean [com.zaxxer.hikari:name=dataSource,type=HikariDataSource]
01:02:00.548 [restartedMain] INFO  o.a.c.http11.Http11NioProtocol - Starting ProtocolHandler ["http-nio-9902"]
01:02:00.554 [restartedMain] INFO  o.a.t.util.net.NioSelectorPool - Using a shared selector for servlet write/read
01:02:00.563 [restartedMain] INFO  o.s.b.w.e.tomcat.TomcatWebServer - Tomcat started on port(s): 9902 (http) with context path ''
01:02:00.565 [restartedMain] INFO  p.x.stocksyn.StockSynApplication - Started StockSynApplication in 4.685 seconds (JVM running for 5.34)
01:02:01.028 [RMI TCP Connection(10)-127.0.0.1] INFO  o.a.c.c.C.[.[localhost].[/] - Initializing Spring FrameworkServlet 'dispatcherServlet'
01:02:01.028 [RMI TCP Connection(10)-127.0.0.1] INFO  o.s.w.servlet.DispatcherServlet - FrameworkServlet 'dispatcherServlet': initialization started
01:02:01.039 [RMI TCP Connection(10)-127.0.0.1] INFO  o.s.w.servlet.DispatcherServlet - FrameworkServlet 'dispatcherServlet': initialization completed in 11 ms
01:02:03.148 [http-nio-9902-exec-4] DEBUG o.s.d.r.c.s.TransactionalRepositoryProxyPostProcessor$CustomAnnotationTransactionAttributeSource - Adding transactional method 'findAll' with attribute: PROPAGATION_REQUIRED,ISOLATION_DEFAULT,readOnly; ''
01:02:03.166 [http-nio-9902-exec-4] INFO  o.h.h.i.QueryTranslatorFactoryInitiator - HHH000397: Using ASTQueryTranslatorFactory
01:07:50.038 [Thread-21] INFO  o.s.b.w.s.c.AnnotationConfigServletWebServerApplicationContext - Closing org.springframework.boot.web.servlet.context.AnnotationConfigServletWebServerApplicationContext@796d56c4: startup date [Wed Jan 23 01:01:56 CST 2019]; root of context hierarchy
01:07:50.044 [Thread-21] INFO  o.s.j.e.a.AnnotationMBeanExporter - Unregistering JMX-exposed beans on shutdown
01:07:50.044 [Thread-21] INFO  o.s.j.e.a.AnnotationMBeanExporter - Unregistering JMX-exposed beans
01:07:50.047 [Thread-21] INFO  o.s.o.j.LocalContainerEntityManagerFactoryBean - Closing JPA EntityManagerFactory for persistence unit 'default'
01:07:50.049 [Thread-21] INFO  c.zaxxer.hikari.HikariDataSource - HikariPool-1 - Shutdown initiated...
01:07:50.079 [Thread-21] INFO  c.zaxxer.hikari.HikariDataSource - HikariPool-1 - Shutdown completed.
